[2023-10-17T14:03:11.340101+00:00] main.CRITICAL: Could not ping search engine: No alive nodes found in your cluster [] []
[2023-10-17T14:59:58.841344+00:00] main.INFO: Item Magento_Backend::system_currency was removed [] []
[2023-10-17T14:59:58.850859+00:00] main.INFO: Add of item with id Magento_Config::system_config was processed [] []
[2023-10-17T14:59:58.851179+00:00] main.INFO: Add of item with id Magento_AdminNotification::system_adminnotification was processed [] []
[2023-10-17T14:59:58.851340+00:00] main.INFO: Add of item with id Magento_Theme::design_config was processed [] []
[2023-10-17T14:59:58.851492+00:00] main.INFO: Add of item with id Magento_Theme::system_design_theme was processed [] []
[2023-10-17T14:59:58.851596+00:00] main.INFO: Add of item with id Magento_Backend::system_design_schedule was processed [] []
[2023-10-17T14:59:58.851698+00:00] main.INFO: Add of item with id Magento_Backend::system_store was processed [] []
[2023-10-17T14:59:58.851794+00:00] main.INFO: Add of item with id Magento_Backend::dashboard was processed [] []
[2023-10-17T14:59:58.851910+00:00] main.INFO: Add of item with id Magento_Backend::system was processed [] []
[2023-10-17T14:59:58.852056+00:00] main.INFO: Add of item with id Magento_Backend::system_tools was processed [] []
[2023-10-17T14:59:58.852181+00:00] main.INFO: Add of item with id Magento_Backend::system_design was processed [] []
[2023-10-17T14:59:58.852278+00:00] main.INFO: Add of item with id Magento_Backend::system_convert was processed [] []
[2023-10-17T14:59:58.852417+00:00] main.INFO: Add of item with id Magento_Backend::system_cache was processed [] []
[2023-10-17T14:59:58.852518+00:00] main.INFO: Add of item with id Magento_Backend::marketing was processed [] []
[2023-10-17T14:59:58.852641+00:00] main.INFO: Add of item with id Magento_Backend::marketing_communications was processed [] []
[2023-10-17T14:59:58.852736+00:00] main.INFO: Add of item with id Magento_Backend::marketing_seo was processed [] []
[2023-10-17T14:59:58.852852+00:00] main.INFO: Add of item with id Magento_Backend::marketing_user_content was processed [] []
[2023-10-17T14:59:58.852949+00:00] main.INFO: Add of item with id Magento_Backend::content was processed [] []
[2023-10-17T14:59:58.853047+00:00] main.INFO: Add of item with id Magento_Backend::content_elements was processed [] []
[2023-10-17T14:59:58.853138+00:00] main.INFO: Add of item with id Magento_Backend::stores was processed [] []
[2023-10-17T14:59:58.853271+00:00] main.INFO: Add of item with id Magento_Backend::stores_settings was processed [] []
[2023-10-17T14:59:58.853369+00:00] main.INFO: Add of item with id Magento_Backend::stores_attributes was processed [] []
[2023-10-17T14:59:58.853491+00:00] main.INFO: Add of item with id Magento_Backend::other_settings was processed [] []
[2023-10-17T14:59:58.853589+00:00] main.INFO: Add of item with id Magento_Backend::system_other_settings was processed [] []
[2023-10-17T14:59:58.853691+00:00] main.INFO: Add of item with id Magento_User::system_acl was processed [] []
[2023-10-17T14:59:58.853848+00:00] main.INFO: Add of item with id Magento_User::system_acl_users was processed [] []
[2023-10-17T14:59:58.853948+00:00] main.INFO: Add of item with id Magento_User::system_acl_roles was processed [] []
[2023-10-17T14:59:58.854040+00:00] main.INFO: Add of item with id Magento_User::system_acl_locks was processed [] []
[2023-10-17T14:59:58.854132+00:00] main.INFO: Add of item with id Magento_Customer::customer was processed [] []
[2023-10-17T14:59:58.854266+00:00] main.INFO: Add of item with id Magento_Customer::customer_manage was processed [] []
[2023-10-17T14:59:58.854365+00:00] main.INFO: Add of item with id Magento_Customer::customer_online was processed [] []
[2023-10-17T14:59:58.854481+00:00] main.INFO: Add of item with id Magento_Customer::customer_group was processed [] []
[2023-10-17T14:59:58.854584+00:00] main.INFO: Add of item with id Magento_Backup::system_tools_backup was processed [] []
[2023-10-17T14:59:58.854686+00:00] main.INFO: Add of item with id Magento_Indexer::system_index was processed [] []
[2023-10-17T14:59:58.854796+00:00] main.INFO: Add of item with id Magento_Variable::system_variable was processed [] []
[2023-10-17T14:59:58.854955+00:00] main.INFO: Add of item with id Magento_Cms::cms_page was processed [] []
[2023-10-17T14:59:58.855086+00:00] main.INFO: Add of item with id Magento_Cms::cms_block was processed [] []
[2023-10-17T14:59:58.855179+00:00] main.INFO: Add of item with id Magento_Catalog::catalog was processed [] []
[2023-10-17T14:59:58.855302+00:00] main.INFO: Add of item with id Magento_Catalog::catalog_products was processed [] []
[2023-10-17T14:59:58.855425+00:00] main.INFO: Add of item with id Magento_Catalog::catalog_categories was processed [] []
[2023-10-17T14:59:58.855550+00:00] main.INFO: Add of item with id Magento_Catalog::catalog_attributes_attributes was processed [] []
[2023-10-17T14:59:58.855646+00:00] main.INFO: Add of item with id Magento_Catalog::catalog_attributes_sets was processed [] []
[2023-10-17T14:59:58.855756+00:00] main.INFO: Add of item with id Magento_Catalog::inventory was processed [] []
[2023-10-17T14:59:58.855885+00:00] main.INFO: Add of item with id Magento_Search::search_terms was processed [] []
[2023-10-17T14:59:58.855977+00:00] main.INFO: Add of item with id Magento_Search::search_synonyms was processed [] []
[2023-10-17T14:59:58.856063+00:00] main.INFO: Add of item with id Magento_CatalogRule::promo was processed [] []
[2023-10-17T14:59:58.856172+00:00] main.INFO: Add of item with id Magento_CatalogRule::promo_catalog was processed [] []
[2023-10-17T14:59:58.856260+00:00] main.INFO: Add of item with id Magento_Sales::sales was processed [] []
[2023-10-17T14:59:58.856382+00:00] main.INFO: Add of item with id Magento_Sales::sales_operation was processed [] []
[2023-10-17T14:59:58.856511+00:00] main.INFO: Add of item with id Magento_Sales::sales_order was processed [] []
[2023-10-17T14:59:58.856603+00:00] main.INFO: Add of item with id Magento_Sales::sales_invoice was processed [] []
[2023-10-17T14:59:58.856689+00:00] main.INFO: Add of item with id Magento_Sales::sales_shipment was processed [] []
[2023-10-17T14:59:58.856775+00:00] main.INFO: Add of item with id Magento_Sales::sales_creditmemo was processed [] []
[2023-10-17T14:59:58.856892+00:00] main.INFO: Add of item with id Magento_Sales::sales_transactions was processed [] []
[2023-10-17T14:59:58.856985+00:00] main.INFO: Add of item with id Magento_Sales::system_order_statuses was processed [] []
[2023-10-17T14:59:58.857078+00:00] main.INFO: Add of item with id Magento_MediaGalleryUi::media was processed [] []
[2023-10-17T14:59:58.857218+00:00] main.INFO: Add of item with id Magento_MediaGalleryUi::media_gallery was processed [] []
[2023-10-17T14:59:58.857350+00:00] main.INFO: Add of item with id Magento_Downloadable::report_products_downloads was processed [] []
[2023-10-17T14:59:58.857475+00:00] main.INFO: Add of item with id Magento_Integration::system_extensions was processed [] []
[2023-10-17T14:59:58.857604+00:00] main.INFO: Add of item with id Magento_Integration::system_integrations was processed [] []
[2023-10-17T14:59:58.857700+00:00] main.INFO: Add of item with id Magento_UrlRewrite::urlrewrite was processed [] []
[2023-10-17T14:59:58.857789+00:00] main.INFO: Add of item with id Magento_Tax::sales_tax was processed [] []
[2023-10-17T14:59:58.857925+00:00] main.INFO: Add of item with id Magento_Tax::sales_tax_rules was processed [] []
[2023-10-17T14:59:58.858015+00:00] main.INFO: Add of item with id Magento_Tax::sales_tax_rates was processed [] []
[2023-10-17T14:59:58.858110+00:00] main.INFO: Add of item with id Magento_Widget::cms_widget_instance was processed [] []
[2023-10-17T14:59:58.858283+00:00] main.INFO: Add of item with id Magento_Analytics::business_intelligence was processed [] []
[2023-10-17T14:59:58.858441+00:00] main.INFO: Add of item with id Magento_Analytics::advanced_reporting was processed [] []
[2023-10-17T14:59:58.858547+00:00] main.INFO: Add of item with id Magento_Analytics::bi_essentials was processed [] []
[2023-10-17T14:59:58.858682+00:00] main.INFO: Add of item with id Magento_ImportExport::system_convert_import was processed [] []
[2023-10-17T14:59:58.858788+00:00] main.INFO: Add of item with id Magento_ImportExport::system_convert_export was processed [] []
[2023-10-17T14:59:58.858905+00:00] main.INFO: Add of item with id Magento_ImportExport::system_convert_history was processed [] []
[2023-10-17T14:59:58.859043+00:00] main.INFO: Add of item with id Magento_Email::template was processed [] []
[2023-10-17T14:59:58.859147+00:00] main.INFO: Add of item with id Magento_EncryptionKey::system_crypt_key was processed [] []
[2023-10-17T14:59:58.859244+00:00] main.INFO: Add of item with id Magento_InventoryAdminUi::inventory was processed [] []
[2023-10-17T14:59:58.859378+00:00] main.INFO: Add of item with id Magento_InventoryAdminUi::source was processed [] []
[2023-10-17T14:59:58.859517+00:00] main.INFO: Add of item with id Magento_InventoryAdminUi::stock was processed [] []
[2023-10-17T14:59:58.859624+00:00] main.INFO: Add of item with id Magento_Reports::report was processed [] []
[2023-10-17T14:59:58.859726+00:00] main.INFO: Add of item with id Magento_Reports::report_marketing was processed [] []
[2023-10-17T14:59:58.859817+00:00] main.INFO: Add of item with id Magento_Reports::report_salesroot was processed [] []
[2023-10-17T14:59:58.859979+00:00] main.INFO: Add of item with id Magento_Reports::report_salesroot_sales was processed [] []
[2023-10-17T14:59:58.860089+00:00] main.INFO: Add of item with id Magento_Reports::report_salesroot_tax was processed [] []
[2023-10-17T14:59:58.860197+00:00] main.INFO: Add of item with id Magento_Reports::report_salesroot_invoiced was processed [] []
[2023-10-17T14:59:58.860293+00:00] main.INFO: Add of item with id Magento_Reports::report_salesroot_shipping was processed [] []
[2023-10-17T14:59:58.860384+00:00] main.INFO: Add of item with id Magento_Reports::report_salesroot_refunded was processed [] []
[2023-10-17T14:59:58.860501+00:00] main.INFO: Add of item with id Magento_Reports::report_salesroot_coupons was processed [] []
[2023-10-17T14:59:58.860634+00:00] main.INFO: Add of item with id Magento_Reports::report_shopcart_product was processed [] []
[2023-10-17T14:59:58.860734+00:00] main.INFO: Add of item with id Magento_Reports::report_shopcart_abandoned was processed [] []
[2023-10-17T14:59:58.860847+00:00] main.INFO: Add of item with id Magento_Reports::report_products was processed [] []
[2023-10-17T14:59:58.860964+00:00] main.INFO: Add of item with id Magento_Reports::report_products_bestsellers was processed [] []
[2023-10-17T14:59:58.861065+00:00] main.INFO: Add of item with id Magento_Reports::report_products_sold was processed [] []
[2023-10-17T14:59:58.861170+00:00] main.INFO: Add of item with id Magento_Reports::report_products_viewed was processed [] []
[2023-10-17T14:59:58.861263+00:00] main.INFO: Add of item with id Magento_Reports::report_products_lowstock was processed [] []
[2023-10-17T14:59:58.861353+00:00] main.INFO: Add of item with id Magento_Reports::report_customers was processed [] []
[2023-10-17T14:59:58.861517+00:00] main.INFO: Add of item with id Magento_Reports::report_customers_accounts was processed [] []
[2023-10-17T14:59:58.861626+00:00] main.INFO: Add of item with id Magento_Reports::report_customers_totals was processed [] []
[2023-10-17T14:59:58.861732+00:00] main.INFO: Add of item with id Magento_Reports::report_customers_orders was processed [] []
[2023-10-17T14:59:58.861840+00:00] main.INFO: Add of item with id Magento_Reports::report_statistics was processed [] []
[2023-10-17T14:59:58.861993+00:00] main.INFO: Add of item with id Magento_Reports::report_statistics_refresh was processed [] []
[2023-10-17T14:59:58.862106+00:00] main.INFO: Add of item with id Magento_Search::report_search_term was processed [] []
[2023-10-17T14:59:58.862224+00:00] main.INFO: Add of item with id Magento_LoginAsCustomerLog::login_log was processed [] []
[2023-10-17T14:59:58.862321+00:00] main.INFO: Add of item with id Magento_Marketplace::partners was processed [] []
[2023-10-17T14:59:58.862460+00:00] main.INFO: Add of item with id Magento_Newsletter::newsletter_template was processed [] []
[2023-10-17T14:59:58.862587+00:00] main.INFO: Add of item with id Magento_Newsletter::newsletter_queue was processed [] []
[2023-10-17T14:59:58.862680+00:00] main.INFO: Add of item with id Magento_Newsletter::newsletter_subscriber was processed [] []
[2023-10-17T14:59:58.862773+00:00] main.INFO: Add of item with id Magento_Newsletter::newsletter_problem was processed [] []
[2023-10-17T14:59:58.862884+00:00] main.INFO: Add of item with id Magento_SalesRule::promo_quote was processed [] []
[2023-10-17T14:59:58.862997+00:00] main.INFO: Add of item with id Magento_Sitemap::catalog_sitemap was processed [] []
[2023-10-17T14:59:58.863101+00:00] main.INFO: Add of item with id Magento_PageBuilder::templates was processed [] []
[2023-10-17T14:59:58.863207+00:00] main.INFO: Add of item with id Magento_Paypal::report_salesroot_paypal_settlement_reports was processed [] []
[2023-10-17T14:59:58.863313+00:00] main.INFO: Add of item with id Magento_Paypal::paypal_billing_agreement was processed [] []
[2023-10-17T14:59:58.863433+00:00] main.INFO: Add of item with id Magento_Review::catalog_reviews_ratings_ratings was processed [] []
[2023-10-17T14:59:58.863568+00:00] main.INFO: Add of item with id Magento_Review::catalog_reviews_ratings_pending was processed [] []
[2023-10-17T14:59:58.863676+00:00] main.INFO: Add of item with id Magento_Review::catalog_reviews_ratings_reviews_all was processed [] []
[2023-10-17T14:59:58.863767+00:00] main.INFO: Add of item with id Magento_Review::report_review was processed [] []
[2023-10-17T14:59:58.863908+00:00] main.INFO: Add of item with id Magento_Review::report_review_customer was processed [] []
[2023-10-17T14:59:58.864005+00:00] main.INFO: Add of item with id Magento_Review::report_review_product was processed [] []
[2023-10-17T14:59:58.864109+00:00] main.INFO: Add of item with id Magento_CheckoutAgreements::sales_checkoutagreement was processed [] []
[2023-10-17T14:59:58.864201+00:00] main.INFO: Add of item with id Magento_TaxImportExport::system_convert_tax was processed [] []
[2023-10-17T14:59:58.864290+00:00] main.INFO: Add of item with id Magento_AsynchronousOperations::system_magento_logging was processed [] []
[2023-10-17T14:59:58.864434+00:00] main.INFO: Add of item with id Magento_AsynchronousOperations::system_magento_logging_bulk_operations was processed [] []
[2023-10-17T14:59:58.864548+00:00] main.INFO: Add of item with id Magento_CurrencySymbol::system_currency was processed [] []
[2023-10-17T14:59:58.864678+00:00] main.INFO: Add of item with id Magento_CurrencySymbol::system_currency_rates was processed [] []
[2023-10-17T14:59:58.864784+00:00] main.INFO: Add of item with id Magento_CurrencySymbol::system_currency_symbols was processed [] []
[2023-10-17T14:59:58.864894+00:00] main.INFO: Add of item with id PayPal_Braintree::settlement_report was processed [] []
[2023-10-17T14:59:58.864987+00:00] main.INFO: Add of item with id PayPal_Braintree::virtual_terminal was processed [] []
[2023-10-17T15:06:41.205734+00:00] main.INFO: Request token xlhzfsw2bn88bodcn6cdf97ebl2ckr36 was exchanged to obtain access token for consumer 1 [] []
[2023-10-17T15:06:45.713847+00:00] main.WARNING: Subscription for MBI service has been failed. An error occurred during token exchange: {"message":"We are unable to connect to your store."}. Content-Type: application/json; charset=UTF-8 [] []
[2023-10-17T15:08:37.271557+00:00] main.INFO: Item Magento_Backend::system_currency was removed [] []
[2023-10-17T15:08:37.283392+00:00] main.INFO: Add of item with id Magento_Config::system_config was processed [] []
[2023-10-17T15:08:37.283682+00:00] main.INFO: Add of item with id Magento_AdminNotification::system_adminnotification was processed [] []
[2023-10-17T15:08:37.283815+00:00] main.INFO: Add of item with id Magento_Theme::design_config was processed [] []
[2023-10-17T15:08:37.283926+00:00] main.INFO: Add of item with id Magento_Theme::system_design_theme was processed [] []
[2023-10-17T15:08:37.284042+00:00] main.INFO: Add of item with id Magento_Backend::system_design_schedule was processed [] []
[2023-10-17T15:08:37.284164+00:00] main.INFO: Add of item with id Magento_Backend::system_store was processed [] []
[2023-10-17T15:08:37.284263+00:00] main.INFO: Add of item with id Magento_Backend::dashboard was processed [] []
[2023-10-17T15:08:37.284364+00:00] main.INFO: Add of item with id Magento_Backend::system was processed [] []
[2023-10-17T15:08:37.284509+00:00] main.INFO: Add of item with id Magento_Backend::system_tools was processed [] []
[2023-10-17T15:08:37.284633+00:00] main.INFO: Add of item with id Magento_Backend::system_design was processed [] []
[2023-10-17T15:08:37.284748+00:00] main.INFO: Add of item with id Magento_Backend::system_convert was processed [] []
[2023-10-17T15:08:37.284860+00:00] main.INFO: Add of item with id Magento_Backend::system_cache was processed [] []
[2023-10-17T15:08:37.284961+00:00] main.INFO: Add of item with id Magento_Backend::marketing was processed [] []
[2023-10-17T15:08:37.285091+00:00] main.INFO: Add of item with id Magento_Backend::marketing_communications was processed [] []
[2023-10-17T15:08:37.285195+00:00] main.INFO: Add of item with id Magento_Backend::marketing_seo was processed [] []
[2023-10-17T15:08:37.285289+00:00] main.INFO: Add of item with id Magento_Backend::marketing_user_content was processed [] []
[2023-10-17T15:08:37.285390+00:00] main.INFO: Add of item with id Magento_Backend::content was processed [] []
[2023-10-17T15:08:37.285509+00:00] main.INFO: Add of item with id Magento_Backend::content_elements was processed [] []
[2023-10-17T15:08:37.285621+00:00] main.INFO: Add of item with id Magento_Backend::stores was processed [] []
[2023-10-17T15:08:37.285747+00:00] main.INFO: Add of item with id Magento_Backend::stores_settings was processed [] []
[2023-10-17T15:08:37.285854+00:00] main.INFO: Add of item with id Magento_Backend::stores_attributes was processed [] []
[2023-10-17T15:08:37.285956+00:00] main.INFO: Add of item with id Magento_Backend::other_settings was processed [] []
[2023-10-17T15:08:37.286084+00:00] main.INFO: Add of item with id Magento_Backend::system_other_settings was processed [] []
[2023-10-17T15:08:37.286201+00:00] main.INFO: Add of item with id Magento_User::system_acl was processed [] []
[2023-10-17T15:08:37.286323+00:00] main.INFO: Add of item with id Magento_User::system_acl_users was processed [] []
[2023-10-17T15:08:37.286424+00:00] main.INFO: Add of item with id Magento_User::system_acl_roles was processed [] []
[2023-10-17T15:08:37.286547+00:00] main.INFO: Add of item with id Magento_User::system_acl_locks was processed [] []
[2023-10-17T15:08:37.286648+00:00] main.INFO: Add of item with id Magento_Customer::customer was processed [] []
[2023-10-17T15:08:37.286775+00:00] main.INFO: Add of item with id Magento_Customer::customer_manage was processed [] []
[2023-10-17T15:08:37.286885+00:00] main.INFO: Add of item with id Magento_Customer::customer_online was processed [] []
[2023-10-17T15:08:37.286997+00:00] main.INFO: Add of item with id Magento_Customer::customer_group was processed [] []
[2023-10-17T15:08:37.287107+00:00] main.INFO: Add of item with id Magento_Backup::system_tools_backup was processed [] []
[2023-10-17T15:08:37.287210+00:00] main.INFO: Add of item with id Magento_Indexer::system_index was processed [] []
[2023-10-17T15:08:37.287313+00:00] main.INFO: Add of item with id Magento_Variable::system_variable was processed [] []
[2023-10-17T15:08:37.287432+00:00] main.INFO: Add of item with id Magento_Cms::cms_page was processed [] []
[2023-10-17T15:08:37.287563+00:00] main.INFO: Add of item with id Magento_Cms::cms_block was processed [] []
[2023-10-17T15:08:37.287678+00:00] main.INFO: Add of item with id Magento_Catalog::catalog was processed [] []
[2023-10-17T15:08:37.287802+00:00] main.INFO: Add of item with id Magento_Catalog::catalog_products was processed [] []
[2023-10-17T15:08:37.287901+00:00] main.INFO: Add of item with id Magento_Catalog::catalog_categories was processed [] []
[2023-10-17T15:08:37.288032+00:00] main.INFO: Add of item with id Magento_Catalog::catalog_attributes_attributes was processed [] []
[2023-10-17T15:08:37.288154+00:00] main.INFO: Add of item with id Magento_Catalog::catalog_attributes_sets was processed [] []
[2023-10-17T15:08:37.288276+00:00] main.INFO: Add of item with id Magento_Catalog::inventory was processed [] []
[2023-10-17T15:08:37.288398+00:00] main.INFO: Add of item with id Magento_Search::search_terms was processed [] []
[2023-10-17T15:08:37.288517+00:00] main.INFO: Add of item with id Magento_Search::search_synonyms was processed [] []
[2023-10-17T15:08:37.288623+00:00] main.INFO: Add of item with id Magento_CatalogRule::promo was processed [] []
[2023-10-17T15:08:37.288740+00:00] main.INFO: Add of item with id Magento_CatalogRule::promo_catalog was processed [] []
[2023-10-17T15:08:37.288834+00:00] main.INFO: Add of item with id Magento_Sales::sales was processed [] []
[2023-10-17T15:08:37.288957+00:00] main.INFO: Add of item with id Magento_Sales::sales_operation was processed [] []
[2023-10-17T15:08:37.289099+00:00] main.INFO: Add of item with id Magento_Sales::sales_order was processed [] []
[2023-10-17T15:08:37.289200+00:00] main.INFO: Add of item with id Magento_Sales::sales_invoice was processed [] []
[2023-10-17T15:08:37.289297+00:00] main.INFO: Add of item with id Magento_Sales::sales_shipment was processed [] []
[2023-10-17T15:08:37.289395+00:00] main.INFO: Add of item with id Magento_Sales::sales_creditmemo was processed [] []
[2023-10-17T15:08:37.289730+00:00] main.INFO: Add of item with id Magento_Sales::sales_transactions was processed [] []
[2023-10-17T15:08:37.289834+00:00] main.INFO: Add of item with id Magento_Sales::system_order_statuses was processed [] []
[2023-10-17T15:08:37.289935+00:00] main.INFO: Add of item with id Magento_MediaGalleryUi::media was processed [] []
[2023-10-17T15:08:37.290066+00:00] main.INFO: Add of item with id Magento_MediaGalleryUi::media_gallery was processed [] []
[2023-10-17T15:08:37.290178+00:00] main.INFO: Add of item with id Magento_Downloadable::report_products_downloads was processed [] []
[2023-10-17T15:08:37.290279+00:00] main.INFO: Add of item with id Magento_Integration::system_extensions was processed [] []
[2023-10-17T15:08:37.290401+00:00] main.INFO: Add of item with id Magento_Integration::system_integrations was processed [] []
[2023-10-17T15:08:37.290523+00:00] main.INFO: Add of item with id Magento_UrlRewrite::urlrewrite was processed [] []
[2023-10-17T15:08:37.290629+00:00] main.INFO: Add of item with id Magento_Tax::sales_tax was processed [] []
[2023-10-17T15:08:37.290744+00:00] main.INFO: Add of item with id Magento_Tax::sales_tax_rules was processed [] []
[2023-10-17T15:08:37.290846+00:00] main.INFO: Add of item with id Magento_Tax::sales_tax_rates was processed [] []
[2023-10-17T15:08:37.290944+00:00] main.INFO: Add of item with id Magento_Widget::cms_widget_instance was processed [] []
[2023-10-17T15:08:37.291078+00:00] main.INFO: Add of item with id Magento_Analytics::business_intelligence was processed [] []
[2023-10-17T15:08:37.291198+00:00] main.INFO: Add of item with id Magento_Analytics::advanced_reporting was processed [] []
[2023-10-17T15:08:37.291298+00:00] main.INFO: Add of item with id Magento_Analytics::bi_essentials was processed [] []
[2023-10-17T15:08:37.291418+00:00] main.INFO: Add of item with id Magento_ImportExport::system_convert_import was processed [] []
[2023-10-17T15:08:37.291541+00:00] main.INFO: Add of item with id Magento_ImportExport::system_convert_export was processed [] []
[2023-10-17T15:08:37.291643+00:00] main.INFO: Add of item with id Magento_ImportExport::system_convert_history was processed [] []
[2023-10-17T15:08:37.291759+00:00] main.INFO: Add of item with id Magento_Email::template was processed [] []
[2023-10-17T15:08:37.291865+00:00] main.INFO: Add of item with id Magento_EncryptionKey::system_crypt_key was processed [] []
[2023-10-17T15:08:37.291967+00:00] main.INFO: Add of item with id Magento_InventoryAdminUi::inventory was processed [] []
[2023-10-17T15:08:37.292099+00:00] main.INFO: Add of item with id Magento_InventoryAdminUi::source was processed [] []
[2023-10-17T15:08:37.292213+00:00] main.INFO: Add of item with id Magento_InventoryAdminUi::stock was processed [] []
[2023-10-17T15:08:37.292315+00:00] main.INFO: Add of item with id Magento_Reports::report was processed [] []
[2023-10-17T15:08:37.292417+00:00] main.INFO: Add of item with id Magento_Reports::report_marketing was processed [] []
[2023-10-17T15:08:37.292541+00:00] main.INFO: Add of item with id Magento_Reports::report_salesroot was processed [] []
[2023-10-17T15:08:37.292660+00:00] main.INFO: Add of item with id Magento_Reports::report_salesroot_sales was processed [] []
[2023-10-17T15:08:37.292760+00:00] main.INFO: Add of item with id Magento_Reports::report_salesroot_tax was processed [] []
[2023-10-17T15:08:37.292851+00:00] main.INFO: Add of item with id Magento_Reports::report_salesroot_invoiced was processed [] []
[2023-10-17T15:08:37.292943+00:00] main.INFO: Add of item with id Magento_Reports::report_salesroot_shipping was processed [] []
[2023-10-17T15:08:37.293054+00:00] main.INFO: Add of item with id Magento_Reports::report_salesroot_refunded was processed [] []
[2023-10-17T15:08:37.293142+00:00] main.INFO: Add of item with id Magento_Reports::report_salesroot_coupons was processed [] []
[2023-10-17T15:08:37.293253+00:00] main.INFO: Add of item with id Magento_Reports::report_shopcart_product was processed [] []
[2023-10-17T15:08:37.293345+00:00] main.INFO: Add of item with id Magento_Reports::report_shopcart_abandoned was processed [] []
[2023-10-17T15:08:37.293440+00:00] main.INFO: Add of item with id Magento_Reports::report_products was processed [] []
[2023-10-17T15:08:37.293568+00:00] main.INFO: Add of item with id Magento_Reports::report_products_bestsellers was processed [] []
[2023-10-17T15:08:37.293669+00:00] main.INFO: Add of item with id Magento_Reports::report_products_sold was processed [] []
[2023-10-17T15:08:37.293770+00:00] main.INFO: Add of item with id Magento_Reports::report_products_viewed was processed [] []
[2023-10-17T15:08:37.293863+00:00] main.INFO: Add of item with id Magento_Reports::report_products_lowstock was processed [] []
[2023-10-17T15:08:37.293974+00:00] main.INFO: Add of item with id Magento_Reports::report_customers was processed [] []
[2023-10-17T15:08:37.294107+00:00] main.INFO: Add of item with id Magento_Reports::report_customers_accounts was processed [] []
[2023-10-17T15:08:37.294205+00:00] main.INFO: Add of item with id Magento_Reports::report_customers_totals was processed [] []
[2023-10-17T15:08:37.294299+00:00] main.INFO: Add of item with id Magento_Reports::report_customers_orders was processed [] []
[2023-10-17T15:08:37.294403+00:00] main.INFO: Add of item with id Magento_Reports::report_statistics was processed [] []
[2023-10-17T15:08:37.294536+00:00] main.INFO: Add of item with id Magento_Reports::report_statistics_refresh was processed [] []
[2023-10-17T15:08:37.294640+00:00] main.INFO: Add of item with id Magento_Search::report_search_term was processed [] []
[2023-10-17T15:08:37.294754+00:00] main.INFO: Add of item with id Magento_LoginAsCustomerLog::login_log was processed [] []
[2023-10-17T15:08:37.294849+00:00] main.INFO: Add of item with id Magento_Marketplace::partners was processed [] []
[2023-10-17T15:08:37.294951+00:00] main.INFO: Add of item with id Magento_Newsletter::newsletter_template was processed [] []
[2023-10-17T15:08:37.295070+00:00] main.INFO: Add of item with id Magento_Newsletter::newsletter_queue was processed [] []
[2023-10-17T15:08:37.295175+00:00] main.INFO: Add of item with id Magento_Newsletter::newsletter_subscriber was processed [] []
[2023-10-17T15:08:37.295266+00:00] main.INFO: Add of item with id Magento_Newsletter::newsletter_problem was processed [] []
[2023-10-17T15:08:37.295373+00:00] main.INFO: Add of item with id Magento_SalesRule::promo_quote was processed [] []
[2023-10-17T15:08:37.295518+00:00] main.INFO: Add of item with id Magento_Sitemap::catalog_sitemap was processed [] []
[2023-10-17T15:08:37.295621+00:00] main.INFO: Add of item with id Magento_PageBuilder::templates was processed [] []
[2023-10-17T15:08:37.295728+00:00] main.INFO: Add of item with id Magento_Paypal::report_salesroot_paypal_settlement_reports was processed [] []
[2023-10-17T15:08:37.295932+00:00] main.INFO: Add of item with id Magento_Paypal::paypal_billing_agreement was processed [] []
[2023-10-17T15:08:37.296050+00:00] main.INFO: Add of item with id Magento_Review::catalog_reviews_ratings_ratings was processed [] []
[2023-10-17T15:08:37.296179+00:00] main.INFO: Add of item with id Magento_Review::catalog_reviews_ratings_pending was processed [] []
[2023-10-17T15:08:37.296288+00:00] main.INFO: Add of item with id Magento_Review::catalog_reviews_ratings_reviews_all was processed [] []
[2023-10-17T15:08:37.296383+00:00] main.INFO: Add of item with id Magento_Review::report_review was processed [] []
[2023-10-17T15:08:37.296528+00:00] main.INFO: Add of item with id Magento_Review::report_review_customer was processed [] []
[2023-10-17T15:08:37.296637+00:00] main.INFO: Add of item with id Magento_Review::report_review_product was processed [] []
[2023-10-17T15:08:37.296732+00:00] main.INFO: Add of item with id Magento_CheckoutAgreements::sales_checkoutagreement was processed [] []
[2023-10-17T15:08:37.296831+00:00] main.INFO: Add of item with id Magento_TaxImportExport::system_convert_tax was processed [] []
[2023-10-17T15:08:37.296931+00:00] main.INFO: Add of item with id Magento_AsynchronousOperations::system_magento_logging was processed [] []
[2023-10-17T15:08:37.297068+00:00] main.INFO: Add of item with id Magento_AsynchronousOperations::system_magento_logging_bulk_operations was processed [] []
[2023-10-17T15:08:37.297176+00:00] main.INFO: Add of item with id Magento_CurrencySymbol::system_currency was processed [] []
[2023-10-17T15:08:37.297295+00:00] main.INFO: Add of item with id Magento_CurrencySymbol::system_currency_rates was processed [] []
[2023-10-17T15:08:37.297397+00:00] main.INFO: Add of item with id Magento_CurrencySymbol::system_currency_symbols was processed [] []
[2023-10-17T15:08:37.297521+00:00] main.INFO: Add of item with id PayPal_Braintree::settlement_report was processed [] []
[2023-10-17T15:08:37.297633+00:00] main.INFO: Add of item with id PayPal_Braintree::virtual_terminal was processed [] []
